2021-09-23 05:07:00,890 [  16077]  ERROR - cloudConfig.CloudConfigManager - Bad 7z signature 
java.io.IOException: Bad 7z signature
	at org.apache.commons.compress.archivers.sevenz.SevenZFile.readHeaders(SevenZFile.java:437)
	at org.apache.commons.compress.archivers.sevenz.SevenZFile.<init>(SevenZFile.java:337)
	at org.apache.commons.compress.archivers.sevenz.SevenZFile.<init>(SevenZFile.java:129)
	at org.apache.commons.compress.archivers.sevenz.SevenZFile.<init>(SevenZFile.java:370)
	at org.apache.commons.compress.archivers.sevenz.SevenZFile.<init>(SevenZFile.java:358)
	at com.intellij.cloudConfig.CloudConfigManager.extractArchive(CloudConfigManager.java:2595)
	at com.intellij.cloudConfig.CloudConfigManager.connectThisInstanceOperation(CloudConfigManager.java:1465)
	at com.intellij.cloudConfig.CloudConfigManager.lambda$connectThisInstance$29(CloudConfigManager.java:1432)
	at java.base/java.util.concurrent.ThreadPoolExecutor.runWorker(ThreadPoolExecutor.java:1128)
	at java.base/java.util.concurrent.ThreadPoolExecutor$Worker.run(ThreadPoolExecutor.java:628)
	at java.base/java.util.concurrent.Executors$PrivilegedThreadFactory$1$1.run(Executors.java:668)
	at java.base/java.util.concurrent.Executors$PrivilegedThreadFactory$1$1.run(Executors.java:665)
	at java.base/java.security.AccessController.doPrivileged(Native Method)
	at java.base/java.util.concurrent.Executors$PrivilegedThreadFactory$1.run(Executors.java:665)
	at java.base/java.lang.Thread.run(Thread.java:829)
2021-09-23 05:07:00,891 [  16078]  ERROR - cloudConfig.CloudConfigManager - IntelliJ IDEA 2021.2.2  Build #IU-212.5284.40 
2021-09-23 05:07:00,892 [  16079]  ERROR - cloudConfig.CloudConfigManager - JDK: 11.0.12; VM: OpenJDK 64-Bit Server VM; Vendor: JetBrains s.r.o. 
2021-09-23 05:07:00,892 [  16079]  ERROR - cloudConfig.CloudConfigManager - OS: Windows 10 
2021-09-23 05:07:00,899 [  16086]   INFO - cloudConfig.CloudConfigManager - === End.connectThisInstanceOperation === 
2021-09-23 05:07:01,770 [  16957]   INFO - System.impl.PopupMenuPreloader - Popup menu 'Edit' preloaded at 'MainMenu' in 69 ms 
2021-09-23 05:07:01,870 [  17057]   INFO - System.impl.PopupMenuPreloader - Popup menu 'File' preloaded at 'MainMenu' in 172 ms 
2021-09-23 05:07:01,902 [  17089]   INFO - System.impl.PopupMenuPreloader - Popup menu 'View' preloaded at 'MainMenu' in 203 ms 
2021-09-23 05:07:01,995 [  17182]   INFO - System.impl.PopupMenuPreloader - Popup menu 'Navigate' preloaded at 'MainMenu' in 297 ms 
2021-09-23 05:07:02,015 [  17202]   INFO - System.impl.PopupMenuPreloader - Popup menu 'Code' preloaded at 'MainMenu' in 317 ms 
2021-09-23 05:07:02,088 [  17275]   INFO - egistry.NpmRegistryServiceImpl - Found 1 dist-tags, 3 versions for @web-types/at-nuxt-vue-app in 1994ms 
2021-09-23 05:07:02,103 [  17290]   INFO - System.impl.PopupMenuPreloader - Popup menu 'Build' preloaded at 'MainMenu' in 405 ms 
2021-09-23 05:07:02,197 [  17384]   INFO - System.impl.PopupMenuPreloader - Popup menu 'Run' preloaded at 'MainMenu' in 498 ms 
2021-09-23 05:07:02,250 [  17437]   INFO - System.impl.PopupMenuPreloader - Popup menu 'Tools' preloaded at 'MainMenu' in 551 ms 
2021-09-23 05:07:02,263 [  17450]   INFO - egistry.NpmRegistryServiceImpl - Found 1 dist-tags, 44 versions for @web-types/quasar-framework in 2169ms 
2021-09-23 05:07:02,317 [  17504]   INFO - System.impl.PopupMenuPreloader - Popup menu 'Git' preloaded at 'MainMenu' in 618 ms 
2021-09-23 05:07:02,332 [  17519]   INFO - System.impl.PopupMenuPreloader - Popup menu 'Window' preloaded at 'MainMenu' in 634 ms 
2021-09-23 05:07:02,356 [  17543]   INFO - System.impl.PopupMenuPreloader - Popup menu 'Help' preloaded at 'MainMenu' in 657 ms 
2021-09-23 05:07:02,366 [  17553]   INFO - System.impl.PopupMenuPreloader - Popup menu 'Refactor' preloaded at 'MainMenu' in 668 ms 
2021-09-23 05:07:02,396 [  17583]   INFO - .script.IdeScriptEngineManager - javax.script.ScriptEngineManager initialized in 182 ms 
2021-09-23 05:07:02,441 [  17628]   INFO - egistry.NpmRegistryServiceImpl - Found 1 dist-tags, 30 versions for @web-types/bootstrap-vue in 353ms 
2021-09-23 05:07:02,879 [  18066]   INFO - egistry.NpmRegistryServiceImpl - Found 1 dist-tags, 115 versions for @web-types/vuetify in 436ms 
2021-09-23 05:07:03,253 [  18440]   INFO - System.impl.PopupMenuPreloader - Popup menu 'Project View Popup Menu' preloaded at 'ProjectViewPopup' in 1552 ms 
2021-09-23 05:07:04,067 [  19254]   INFO - egistry.NpmRegistryServiceImpl - Found 1 dist-tags, 2 versions for @web-types/vue-router in 1804ms 
2021-09-23 05:07:04,605 [  19792]   INFO - cloudConfig.CloudConfigManager - === Start.recalculateInitStatus === 
2021-09-23 05:07:04,608 [  19795]   INFO - cloudConfig.CloudConfigManager - === calculateInitStatus === 
2021-09-23 05:07:05,629 [  20816]   INFO - cloudConfig.CloudConfigManager - === calculateInitStatus.value: JBA_THIS_NOT_CONNECTED === 
2021-09-23 05:07:05,632 [  20819]   INFO - cloudConfig.CloudConfigManager - === End.recalculateInitStatus === 
2021-09-23 05:07:07,075 [  22262]   INFO - cloudConfig.CloudConfigManager - === Start.recalculateInitStatus === 
2021-09-23 05:07:07,077 [  22264]   INFO - cloudConfig.CloudConfigManager - === calculateInitStatus === 
2021-09-23 05:07:08,123 [  23310]   INFO - cloudConfig.CloudConfigManager - === calculateInitStatus.value: JBA_THIS_NOT_CONNECTED === 
2021-09-23 05:07:08,126 [  23313]   INFO - cloudConfig.CloudConfigManager - === End.recalculateInitStatus === 
2021-09-23 05:07:09,032 [  24219]   INFO - cloudConfig.CloudConfigManager - === connectThisInstanceOperation === 
2021-09-23 05:07:11,143 [  26330]   INFO - cloudConfig.CloudConfigManager - === End.connectThisInstanceOperation === 
2021-09-23 05:08:26,537 [ 101724]   INFO - cloudConfig.CloudConfigManager - === Start.recalculateInitStatus === 
2021-09-23 05:08:26,538 [ 101725]   INFO - cloudConfig.CloudConfigManager - === calculateInitStatus === 
2021-09-23 05:08:36,559 [ 111746]   INFO - cloudConfig.CloudConfigManager - === calculateInitStatus.value: JBA_THIS_NOT_CONNECTED === 
2021-09-23 05:08:36,559 [ 111746]   INFO - cloudConfig.CloudConfigManager - Read timed out 
java.net.SocketTimeoutException: Read timed out
	at java.base/jdk.internal.reflect.NativeConstructorAccessorImpl.newInstance0(Native Method)
	at java.base/jdk.internal.reflect.NativeConstructorAccessorImpl.newInstance(NativeConstructorAccessorImpl.java:62)
	at java.base/jdk.internal.reflect.DelegatingConstructorAccessorImpl.newInstance(DelegatingConstructorAccessorImpl.java:45)
	at java.base/java.lang.reflect.Constructor.newInstance(Constructor.java:490)
	at java.base/sun.net.www.protocol.http.HttpURLConnection$10.run(HttpURLConnection.java:1974)
	at java.base/sun.net.www.protocol.http.HttpURLConnection$10.run(HttpURLConnection.java:1969)
	at java.base/java.security.AccessController.doPrivileged(Native Method)
	at java.base/sun.net.www.protocol.http.HttpURLConnection.getChainedException(HttpURLConnection.java:1968)
	at java.base/sun.net.www.protocol.http.HttpURLConnection.getInputStream0(HttpURLConnection.java:1536)
	at java.base/sun.net.www.protocol.http.HttpURLConnection.getInputStream(HttpURLConnection.java:1520)
	at java.base/java.net.HttpURLConnection.getResponseCode(HttpURLConnection.java:527)
	at java.base/sun.net.www.protocol.https.HttpsURLConnectionImpl.getResponseCode(HttpsURLConnectionImpl.java:334)
	at com.jetbrains.cloudconfig.AbstractHttpClient.download(AbstractHttpClient.java:94)
	at com.jetbrains.cloudconfig.CloudConfigFileClient.list(CloudConfigFileClient.java:192)
	at com.intellij.idea.cloudConfig.ETagCloudConfigFileClient.list(ETagCloudConfigFileClient.java:36)
	at com.intellij.cloudConfig.CloudConfigManager.listFiles(CloudConfigManager.java:2659)
	at com.intellij.cloudConfig.CloudConfigManager.calculateInitStatus(CloudConfigManager.java:698)
	at com.intellij.cloudConfig.CloudConfigManager.lambda$recalculateInitStatus$10(CloudConfigManager.java:681)
	at com.intellij.openapi.progress.impl.CoreProgressManager$2.run(CoreProgressManager.java:308)
	at com.intellij.openapi.progress.impl.CoreProgressManager.startTask(CoreProgressManager.java:450)
	at com.intellij.openapi.progress.impl.ProgressManagerImpl.startTask(ProgressManagerImpl.java:117)
	at com.intellij.openapi.progress.impl.CoreProgressManager.lambda$runProcessWithProgressSynchronously$8(CoreProgressManager.java:556)
	at com.intellij.openapi.progress.impl.ProgressRunner.lambda$new$0(ProgressRunner.java:81)
	at com.intellij.openapi.progress.impl.ProgressRunner.lambda$submit$3(ProgressRunner.java:243)
	at com.intellij.openapi.progress.impl.CoreProgressManager.lambda$runProcess$2(CoreProgressManager.java:183)
	at com.intellij.openapi.progress.impl.CoreProgressManager.registerIndicatorAndRun(CoreProgressManager.java:705)
	at com.intellij.openapi.progress.impl.CoreProgressManager.executeProcessUnderProgress(CoreProgressManager.java:647)
	at com.intellij.openapi.progress.impl.ProgressManagerImpl.executeProcessUnderProgress(ProgressManagerImpl.java:63)
	at com.intellij.openapi.progress.impl.CoreProgressManager.runProcess(CoreProgressManager.java:170)
	at com.intellij.openapi.progress.impl.ProgressRunner.lambda$submit$4(ProgressRunner.java:243)
	at java.base/java.util.concurrent.CompletableFuture$AsyncSupply.run(CompletableFuture.java:1700)
	at java.base/java.util.concurrent.ThreadPoolExecutor.runWorker(ThreadPoolExecutor.java:1128)
	at java.base/java.util.concurrent.ThreadPoolExecutor$Worker.run(ThreadPoolExecutor.java:628)
	at java.base/java.util.concurrent.Executors$PrivilegedThreadFactory$1$1.run(Executors.java:668)
	at java.base/java.util.concurrent.Executors$PrivilegedThreadFactory$1$1.run(Executors.java:665)
	at java.base/java.security.AccessController.doPrivileged(Native Method)
	at java.base/java.util.concurrent.Executors$PrivilegedThreadFactory$1.run(Executors.java:665)
	at java.base/java.lang.Thread.run(Thread.java:829)
Caused by: java.net.SocketTimeoutException: Read timed out
	at java.base/java.net.SocketInputStream.socketRead0(Native Method)
	at java.base/java.net.SocketInputStream.socketRead(SocketInputStream.java:115)
	at java.base/java.net.SocketInputStream.read(SocketInputStream.java:168)
	at java.base/java.net.SocketInputStream.read(SocketInputStream.java:140)
	at java.base/sun.security.ssl.SSLSocketInputRecord.read(SSLSocketInputRecord.java:478)
	at java.base/sun.security.ssl.SSLSocketInputRecord.readHeader(SSLSocketInputRecord.java:472)
	at java.base/sun.security.ssl.SSLSocketInputRecord.decode(SSLSocketInputRecord.java:160)
	at java.base/sun.security.ssl.SSLTransport.decode(SSLTransport.java:111)
	at java.base/sun.security.ssl.SSLSocketImpl.decode(SSLSocketImpl.java:1426)
	at java.base/sun.security.ssl.SSLSocketImpl.readHandshakeRecord(SSLSocketImpl.java:1336)
	at java.base/sun.security.ssl.SSLSocketImpl.startHandshake(SSLSocketImpl.java:450)
	at java.base/sun.security.ssl.SSLSocketImpl.startHandshake(SSLSocketImpl.java:421)
	at java.base/sun.net.www.protocol.https.HttpsClient.afterConnect(HttpsClient.java:572)
	at java.base/sun.net.www.protocol.https.AbstractDelegateHttpsURLConnection.connect(AbstractDelegateHttpsURLConnection.java:197)
	at java.base/sun.net.www.protocol.http.HttpURLConnection.getInputStream0(HttpURLConnection.java:1592)
	at java.base/sun.net.www.protocol.http.HttpURLConnection.getInputStream(HttpURLConnection.java:1520)
	at java.base/sun.net.www.protocol.https.HttpsURLConnectionImpl.getInputStream(HttpsURLConnectionImpl.java:250)
	at com.jetbrains.cloudconfig.AbstractHttpClient.download(AbstractHttpClient.java:92)
	... 25 more
2021-09-23 05:08:36,562 [ 111749]   INFO - cloudConfig.CloudConfigManager - === End.recalculateInitStatus === 
2021-09-23 05:08:39,035 [ 114222]   INFO - cloudConfig.CloudConfigManager - === Start.recalculateInitStatus === 
2021-09-23 05:08:39,036 [ 114223]   INFO - cloudConfig.CloudConfigManager - === calculateInitStatus === 
2021-09-23 05:08:40,098 [ 115285]   INFO - cloudConfig.CloudConfigManager - === calculateInitStatus.value: JBA_THIS_NOT_CONNECTED === 
2021-09-23 05:08:40,100 [ 115287]   INFO - cloudConfig.CloudConfigManager - === End.recalculateInitStatus === 
2021-09-23 05:08:41,123 [ 116310]   INFO - cloudConfig.CloudConfigManager - === connectThisInstanceOperation === 
2021-09-23 05:08:43,147 [ 118334]   INFO - cloudConfig.CloudConfigManager - === End.connectThisInstanceOperation === 
2021-09-23 05:09:10,511 [ 145698]   INFO - cloudConfig.CloudConfigManager - === Start.recalculateInitStatus === 
2021-09-23 05:09:10,512 [ 145699]   INFO - cloudConfig.CloudConfigManager - === calculateInitStatus === 
2021-09-23 05:09:11,403 [ 146590]   INFO - cloudConfig.CloudConfigManager - === calculateInitStatus.value: JBA_THIS_NOT_CONNECTED === 
2021-09-23 05:09:11,405 [ 146592]   INFO - cloudConfig.CloudConfigManager - === End.recalculateInitStatus === 
2021-09-23 05:09:12,810 [ 147997]   INFO - cloudConfig.CloudConfigManager - === Start.recalculateInitStatus === 
2021-09-23 05:09:12,811 [ 147998]   INFO - cloudConfig.CloudConfigManager - === calculateInitStatus === 
2021-09-23 05:09:13,837 [ 149024]   INFO - cloudConfig.CloudConfigManager - === calculateInitStatus.value: JBA_THIS_NOT_CONNECTED === 
2021-09-23 05:09:13,840 [ 149027]   INFO - cloudConfig.CloudConfigManager - === End.recalculateInitStatus === 
2021-09-23 05:09:14,893 [ 150080]   INFO - cloudConfig.CloudConfigManager - === connectThisInstanceOperation === 
2021-09-23 05:09:16,991 [ 152178]   INFO - cloudConfig.CloudConfigManager - === End.connectThisInstanceOperation === 
2021-09-23 05:09:41,228 [ 176415]   INFO - cloudConfig.CloudConfigManager - === Start.recalculateInitStatus === 
2021-09-23 05:09:41,229 [ 176416]   INFO - cloudConfig.CloudConfigManager - === calculateInitStatus === 
2021-09-23 05:09:42,160 [ 177347]   INFO - cloudConfig.CloudConfigManager - === calculateInitStatus.value: JBA_THIS_NOT_CONNECTED === 
2021-09-23 05:09:42,163 [ 177350]   INFO - cloudConfig.CloudConfigManager - === End.recalculateInitStatus === 
2021-09-23 05:09:43,018 [ 178205]   INFO - cloudConfig.CloudConfigManager - === Start.recalculateInitStatus === 
2021-09-23 05:09:43,019 [ 178206]   INFO - cloudConfig.CloudConfigManager - === calculateInitStatus === 
2021-09-23 05:09:44,143 [ 179330]   INFO - cloudConfig.CloudConfigManager - === calculateInitStatus.value: JBA_THIS_NOT_CONNECTED === 
2021-09-23 05:09:44,147 [ 179334]   INFO - cloudConfig.CloudConfigManager - === End.recalculateInitStatus === 
2021-09-23 05:09:45,171 [ 180358]   INFO - cloudConfig.CloudConfigManager - === connectThisInstanceOperation === 
2021-09-23 05:09:47,141 [ 182328]   INFO - cloudConfig.CloudConfigManager - === End.connectThisInstanceOperation === 
2021-09-23 05:10:37,256 [ 232443]   INFO - cloudConfig.CloudConfigManager - === Start.recalculateInitStatus === 
2021-09-23 05:10:37,257 [ 232444]   INFO - cloudConfig.CloudConfigManager - === calculateInitStatus === 
2021-09-23 05:10:38,253 [ 233440]   INFO - cloudConfig.CloudConfigManager - === calculateInitStatus.value: JBA_THIS_NOT_CONNECTED === 
2021-09-23 05:10:38,255 [ 233442]   INFO - cloudConfig.CloudConfigManager - === End.recalculateInitStatus === 
2021-09-23 05:10:39,173 [ 234360]   INFO - cloudConfig.CloudConfigManager - === Start.recalculateInitStatus === 
2021-09-23 05:10:39,174 [ 234361]   INFO - cloudConfig.CloudConfigManager - === calculateInitStatus === 
2021-09-23 05:10:40,157 [ 235344]   INFO - cloudConfig.CloudConfigManager - === calculateInitStatus.value: JBA_THIS_NOT_CONNECTED === 
2021-09-23 05:10:40,159 [ 235346]   INFO - cloudConfig.CloudConfigManager - === End.recalculateInitStatus === 
2021-09-23 05:10:41,198 [ 236385]   INFO - cloudConfig.CloudConfigManager - === connectThisInstanceOperation === 
2021-09-23 05:10:43,188 [ 238375]   INFO - cloudConfig.CloudConfigManager - === End.connectThisInstanceOperation === 